<?xml version="1.0" encoding="UTF-8"?>
<!-- Generated by org.testng.reporters.JUnitReportReporter -->
<testsuite hostname="DESKTOP-DC07V1Q" failures="0" tests="6" name="com.employeeapi.testCases.TC003_Post_Employee_Record" time="0.058" errors="0" timestamp="2020-02-16T00:44:38 EST" skipped="1">
  <testcase classname="com.employeeapi.testCases.TC003_Post_Employee_Record" name="checkResposeBody" time="0.032"/>
  <system-out/>
  <testcase classname="com.employeeapi.testCases.TC003_Post_Employee_Record" name="checkstatusLine" time="0.003"/>
  <system-out/>
  <testcase classname="com.employeeapi.testCases.TC003_Post_Employee_Record" name="checkContentType" time="0.019"/>
  <system-out/>
  <testcase classname="com.employeeapi.testCases.TC003_Post_Employee_Record" name="checkStatusCode" time="0.002"/>
  <system-out/>
  <testcase classname="com.employeeapi.testCases.TC003_Post_Employee_Record" name="checkserverType" time="0.002"/>
  <system-out/>
  <testcase classname="com.employeeapi.testCases.TC003_Post_Employee_Record" name="checkcontentEncoding">
    <skipped/>
  </testcase> <!-- checkcontentEncoding -->
  <system-out/>
</testsuite> <!-- com.employeeapi.testCases.TC003_Post_Employee_Record -->
