<?xml version="1.0" encoding="UTF-8"?>
<!-- Generated by org.testng.reporters.JUnitReportReporter -->
<testsuite hostname="DESKTOP-DC07V1Q" failures="0" tests="6" name="com.employeeapi.testCases.TC004_Put_Employee_Record" time="0.004" errors="0" timestamp="2020-02-16T01:21:21 EST" skipped="1">
  <testcase classname="com.employeeapi.testCases.TC004_Put_Employee_Record" name="checkstatusLine" time="0.000"/>
  <system-out/>
  <testcase classname="com.employeeapi.testCases.TC004_Put_Employee_Record" name="checkContentType" time="0.000"/>
  <system-out/>
  <testcase classname="com.employeeapi.testCases.TC004_Put_Employee_Record" name="checkserverType" time="0.000"/>
  <system-out/>
  <testcase classname="com.employeeapi.testCases.TC004_Put_Employee_Record" name="checkStatusCode" time="0.000"/>
  <system-out/>
  <testcase classname="com.employeeapi.testCases.TC004_Put_Employee_Record" name="checkResposeBody" time="0.004"/>
  <system-out/>
  <testcase classname="com.employeeapi.testCases.TC004_Put_Employee_Record" name="checkcontentEncoding">
    <skipped/>
  </testcase> <!-- checkcontentEncoding -->
  <system-out/>
</testsuite> <!-- com.employeeapi.testCases.TC004_Put_Employee_Record -->
